#
# A fatal error has been detected by the Java Runtime Environment:
#
#  SIGSEGV (0xb) at pc=0x00007fff864294e5, pid=22078, tid=57095
#
# JRE version: Java(TM) SE Runtime Environment (8.0_25-b17) (build 1.8.0_25-b17)
# Java VM: Java HotSpot(TM) 64-Bit Server VM (25.25-b02 mixed mode bsd-amd64 compressed oops)
# Problematic frame:
# C  [libGLProgrammability.dylib+0x8e4e5]  glpTypedValueHashGet+0x24
#
# Failed to write core dump. Core dumps have been disabled. To enable core dumping, try "ulimit -c unlimited" before starting Java again
#
# If you would like to submit a bug report, please visit:
#   http://bugreport.sun.com/bugreport/crash.jsp
#

---------------  T H R E A D  ---------------

Current thread is native thread

siginfo: si_signo: 11 (SIGSEGV), si_code: 1 (SEGV_MAPERR), si_addr: 0x0000000133204250

Registers:
RAX=0x0000000048910b22, RBX=0x0000000133204230, RCX=0x0000000048910b22, RDX=0x0000000000000000
RSP=0x00000001328b4b40, RBP=0x00000001328b4b70, RSI=0x00000000eeb87bdf, RDI=0x00000000eeb87bdf
R8 =0x0000000000000000, R9 =0x0000000000000000, R10=0x00000001328b68a0, R11=0x0725d7890000000b
R12=0x00007fff865126b8, R13=0x0000000133204230, R14=0x0000000133211da0, R15=0x00007fff865126b8
RIP=0x00007fff864294e5, EFLAGS=0x0000000000010246, ERR=0x0000000000000004
  TRAPNO=0x000000000000000e

Top of Stack: (sp=0x00000001328b4b40)
0x00000001328b4b40:   0000000000000000 0000000133204230
0x00000001328b4b50:   00007fff865126b8 0000000000000001
0x00000001328b4b60:   0000000133211da0 0000000133211da0
0x00000001328b4b70:   00000001328b4ba0 00007fff86429589
0x00000001328b4b80:   00007fff865126b8 00007fb5000219f8
0x00000001328b4b90:   00007fb4fe200820 04fe9a9400000000
0x00000001328b4ba0:   00000001328b4bb0 00007fff8649231a
0x00000001328b4bb0:   00000001328b6280 00007fff864daeef
0x00000001328b4bc0:   0000000133211030 0000005100000001
0x00000001328b4bd0:   000000000000000e 0000000000000003
0x00000001328b4be0:   0000000000000003 0000000000000003
0x00000001328b4bf0:   0000000000000003 0000000000000003
0x00000001328b4c00:   0000000000000003 0000000000000003
0x00000001328b4c10:   00007fb4fe200820 00007fff865126b8
0x00000001328b4c20:   00000001328b6500 00007fb5000219f8
0x00000001328b4c30:   0000000000000003 0000000000000003
0x00000001328b4c40:   0000000000000003 0000000000000003
0x00000001328b4c50:   0000000000000003 0000000000000003
0x00000001328b4c60:   0000000000000003 0000000000000003
0x00000001328b4c70:   0000000000000003 0000000000000003
0x00000001328b4c80:   0000000000000003 0000000000000003
0x00000001328b4c90:   0000000000000003 0000000000000003
0x00000001328b4ca0:   0000000000000003 0000000000000003
0x00000001328b4cb0:   0000000000000003 0000000000000003
0x00000001328b4cc0:   0000000000000003 0000000000000003
0x00000001328b4cd0:   0000000000000003 0000000000000003
0x00000001328b4ce0:   0000000000000003 0000000000000003
0x00000001328b4cf0:   0000000000000003 0000000000000003
0x00000001328b4d00:   0000000000000003 0000000000000003
0x00000001328b4d10:   0000000000000003 0000000000000003
0x00000001328b4d20:   0000000000000003 0000000000000003
0x00000001328b4d30:   0000000000000003 0000000000000003 

Instructions: (pc=0x00007fff864294e5)
0x00007fff864294c5:   41 57 41 56 41 55 41 54 53 50 49 89 d6 49 89 f7
0x00007fff864294d5:   49 89 fd 4c 89 ff 4c 89 f6 e8 83 8d 06 00 31 d2
0x00007fff864294e5:   41 f7 75 20 89 d3 49 8b 45 28 48 89 d9 48 c1 e1
0x00007fff864294f5:   05 31 d2 48 89 55 d0 48 83 3c 08 00 74 57 31 c9 

Register to memory mapping:

RAX=0x0000000048910b22 is an unknown value
RBX=0x0000000133204230 is an unknown value
RCX=0x0000000048910b22 is an unknown value
RDX=0x0000000000000000 is an unknown value
RSP=0x00000001328b4b40 is an unknown value
RBP=0x00000001328b4b70 is an unknown value
RSI=0x00000000eeb87bdf is an unknown value
RDI=0x00000000eeb87bdf is an unknown value
R8 =0x0000000000000000 is an unknown value
R9 =0x0000000000000000 is an unknown value
R10=0x00000001328b68a0 is an unknown value
R11=0x0725d7890000000b is an unknown value
R12=0x00007fff865126b8: GLP_PRIMITIVE_TYPE_ARRAY+0x28 in /System/Library/Frameworks/OpenGL.framework/Versions/A/Libraries/libGLProgrammability.dylib at 0x00007fff8639b000
R13=0x0000000133204230 is an unknown value
R14=0x0000000133211da0 is an unknown value
R15=0x00007fff865126b8: GLP_PRIMITIVE_TYPE_ARRAY+0x28 in /System/Library/Frameworks/OpenGL.framework/Versions/A/Libraries/libGLProgrammability.dylib at 0x00007fff8639b000


Stack: [0x000000013283e000,0x00000001328be000],  sp=0x00000001328b4b40,  free space=474k
Native frames: (J=compiled Java code, j=interpreted, Vv=VM code, C=native code)
C  [libGLProgrammability.dylib+0x8e4e5]  glpTypedValueHashGet+0x24
C  [libGLProgrammability.dylib+0x8e589]  glpTypedValueHashCache+0x1c
C  [libGLProgrammability.dylib+0xf731a]  glpRemapValue+0x13
C  [libGLProgrammability.dylib+0x13feef]  yyuserAction+0xc766
C  [libGLProgrammability.dylib+0x131e6d]  yyparse+0x77d
C  [libGLProgrammability.dylib+0x130952]  glpPaParseStrings+0xee
C  [libGLProgrammability.dylib+0xc9962]  glpCompileShader+0xb6
C  [libGLProgrammability.dylib+0xec9e5]  ShCompile+0x97
C  [GLEngine+0x1393bb]  gleShaderParse+0x1e2
C  [GLEngine+0x7ff36]  glCompileShaderIncludeARB_Exec+0x1ea
C  [QuartzCore+0x439b9]  _ZN2CA3OGL9GLContext13create_shaderEPKNS0_12ContextStateEPKNS0_8GLShaderEi+0x3a5
C  [QuartzCore+0x43579]  _ZN2CA3OGL9GLContext10get_shaderEPKNS0_12ContextStateE+0x2b7
C  [QuartzCore+0x42ac2]  _ZN2CA3OGL9GLContext13update_shaderEv+0x172
C  [QuartzCore+0x42630]  _ZN2CA3OGL9GLContext12update_stateEv+0x28
C  [QuartzCore+0x424c6]  _ZN2CA3OGL9GLContext13draw_elementsENS0_13PrimitiveModeEjPKtPKNS0_6VertexEjjPKNS0_9ClipPlaneE+0xa2
C  [QuartzCore+0x4241e]  _ZN2CA3OGL7Context11array_flushEv+0x68
C  [QuartzCore+0x4c659]  _ZN2CA3OGL7Context12ClippedArray9next_rectERNS_6BoundsE+0x13f
C  [QuartzCore+0x4c3bb]  _ZN2CA3OGL18emit_one_part_rectERNS0_7ContextERKNS0_9RectStateEPKfj+0x40d
C  [QuartzCore+0x503f5]  _ZN2CA3OGL13fill_rect_texERNS0_7ContextERKNS0_9RectStateEPKf+0xad
C  [QuartzCore+0x501ea]  _ZNK2CA3OGL16ContentsGeometry15fill_and_unbindERNS0_7ContextEPNS0_5ImageE+0x1a2
C  [QuartzCore+0x4fc0c]  _ZNK2CA3OGL16ContentsGeometry15fill_and_unbindERNS0_7ContextEPNS0_5ImageENS0_13TextureFilterEf+0x27e
C  [QuartzCore+0x4aa24]  _ZN2CA3OGL26render_contents_backgroundERNS0_8RendererEPKNS0_5LayerE+0xa4b
C  [QuartzCore+0x49d75]  _ZN2CA3OGL9LayerNode5applyEfPPNS0_7SurfaceEPf+0x39
C  [QuartzCore+0x492be]  _ZN2CA3OGL11ImagingNode6renderEPNS1_13RenderClosureEj+0x1b6
C  [QuartzCore+0x49087]  _ZN2CA3OGL13render_layersERNS0_8RendererEPNS0_5LayerE+0x9e
C  [QuartzCore+0x460e8]  _ZN2CA3OGL18render_root_layersERNS0_8RendererEPK13x_link_structRKNS0_6GstateE+0x1a4
C  [QuartzCore+0x3e9d9]  _ZN2CA3OGL8Renderer6renderEPKNS_6Render6UpdateE+0x2cb
C  [QuartzCore+0x3e6ac]  _ZN2CA3OGL6renderERNS0_8RendererEPNS_6Render6UpdateE+0xb6
C  [QuartzCore+0x33caf]  _ZL9view_drawP7_CAViewdPK11CVTimeStampb+0xae4
C  [QuartzCore+0x33198]  _ZL17view_display_linkdPK11CVTimeStampPv+0x94
C  [QuartzCore+0x3305d]  link_callback+0xed
C  [CoreVideo+0x3180]  _ZN13CVDisplayLink9performIOEP11CVTimeStamp+0xee
C  [CoreVideo+0x2527]  _ZN13CVDisplayLink11runIOThreadEv+0x273
C  [CoreVideo+0x229b]  _ZL13startIOThreadPv+0x93
C  [libsystem_pthread.dylib+0x32fc]  _pthread_body+0x83
C  [libsystem_pthread.dylib+0x3279]  _pthread_body+0x0
C  [libsystem_pthread.dylib+0x14b1]  thread_start+0xd


---------------  P R O C E S S  ---------------

VM state:not at safepoint (normal execution)

VM Mutex/Monitor currently owned by a thread: None

Heap:
 PSYoungGen      total 76288K, used 17272K [0x000000076ab00000, 0x0000000770000000, 0x00000007c0000000)
  eden space 65536K, 26% used [0x000000076ab00000,0x000000076bbde168,0x000000076eb00000)
  from space 10752K, 0% used [0x000000076f580000,0x000000076f580000,0x0000000770000000)
  to   space 10752K, 0% used [0x000000076eb00000,0x000000076eb00000,0x000000076f580000)
 ParOldGen       total 175104K, used 0K [0x00000006c0000000, 0x00000006cab00000, 0x000000076ab00000)
  object space 175104K, 0% used [0x00000006c0000000,0x00000006c0000000,0x00000006cab00000)
 Metaspace       used 8231K, capacity 8382K, committed 8576K, reserved 1056768K
  class space    used 991K, capacity 1051K, committed 1152K, reserved 1048576K

Card table byte_map: [0x000000011fa06000,0x0000000120207000] byte_map_base: 0x000000011c406000

Marking Bits: (ParMarkBitMap*) 0x000000010f658390
 Begin Bits: [0x0000000120b69000, 0x0000000124b69000)
 End Bits:   [0x0000000124b69000, 0x0000000128b69000)

Polling page: 0x000000010fdff000

CodeCache: size=245760Kb used=1829Kb max_used=1829Kb free=243930Kb
 bounds [0x0000000110646000, 0x00000001108b6000, 0x000000011f646000]
 total_blobs=781 nmethods=335 adapters=361
 compilation: enabled

Compilation events (10 events):
Event: 0.588 Thread 0x00007fb4fc80f800 nmethod 330 0x00000001108047d0 code [0x0000000110804b20, 0x0000000110806538]
Event: 0.596 Thread 0x00007fb4fc80f000 nmethod 312 0x000000011080d3d0 code [0x000000011080d5c0, 0x000000011080f0f8]
Event: 0.627 Thread 0x00007fb4fc80f800  332       3       java.lang.invoke.MethodType::parameterCount (6 bytes)
Event: 0.627 Thread 0x00007fb4fc80f800 nmethod 332 0x000000011080ce50 code [0x000000011080cfc0, 0x000000011080d130]
Event: 0.627 Thread 0x00007fb4fc80f800  334       3       jdk.internal.org.objectweb.asm.Type::getArgumentsAndReturnSizes (151 bytes)
Event: 0.628 Thread 0x00007fb4fc80f800 nmethod 334 0x000000011080b790 code [0x000000011080b9c0, 0x000000011080c738]
Event: 0.628 Thread 0x00007fb4fc80f800  333       1       java.lang.invoke.MethodHandle::type (5 bytes)
Event: 0.628 Thread 0x00007fb4fc80f800 nmethod 333 0x000000011080b4d0 code [0x000000011080b620, 0x000000011080b730]
Event: 0.628 Thread 0x00007fb4fc80f800  335   !   3       sun.awt.AppContext::get (123 bytes)
Event: 0.629 Thread 0x00007fb4fc80f800 nmethod 335 0x000000011080a590 code [0x000000011080a740, 0x000000011080b068]

GC Heap History (0 events):
No events

Deoptimization events (0 events):
No events

Internal exceptions (10 events):
Event: 0.471 Thread 0x00007fb4fd000800 Exception <a 'java/security/PrivilegedActionException'> (0x000000076b11d258) thrown at [/HUDSON3/workspace/8-2-build-macosx-x86_64/jdk8u25/1514/hotspot/src/share/vm/prims/jvm.cpp, line 1312]
Event: 0.472 Thread 0x00007fb4fd000800 Exception <a 'java/security/PrivilegedActionException'> (0x000000076b11e510) thrown at [/HUDSON3/workspace/8-2-build-macosx-x86_64/jdk8u25/1514/hotspot/src/share/vm/prims/jvm.cpp, line 1312]
Event: 0.488 Thread 0x00007fb4fd000800 Exception <a 'java/security/PrivilegedActionException'> (0x000000076b14bda0) thrown at [/HUDSON3/workspace/8-2-build-macosx-x86_64/jdk8u25/1514/hotspot/src/share/vm/prims/jvm.cpp, line 1312]
Event: 0.488 Thread 0x00007fb4fd000800 Exception <a 'java/security/PrivilegedActionException'> (0x000000076b1508b0) thrown at [/HUDSON3/workspace/8-2-build-macosx-x86_64/jdk8u25/1514/hotspot/src/share/vm/prims/jvm.cpp, line 1312]
Event: 0.489 Thread 0x00007fb4fd000800 Exception <a 'java/security/PrivilegedActionException'> (0x000000076b1531c0) thrown at [/HUDSON3/workspace/8-2-build-macosx-x86_64/jdk8u25/1514/hotspot/src/share/vm/prims/jvm.cpp, line 1312]
Event: 0.548 Thread 0x00007fb4fd000800 Exception <a 'java/security/PrivilegedActionException'> (0x000000076b4aa208) thrown at [/HUDSON3/workspace/8-2-build-macosx-x86_64/jdk8u25/1514/hotspot/src/share/vm/prims/jvm.cpp, line 1312]
Event: 0.548 Thread 0x00007fb4fd000800 Exception <a 'java/security/PrivilegedActionException'> (0x000000076b4aede0) thrown at [/HUDSON3/workspace/8-2-build-macosx-x86_64/jdk8u25/1514/hotspot/src/share/vm/prims/jvm.cpp, line 1312]
Event: 0.564 Thread 0x00007fb4fd000800 Exception <a 'java/security/PrivilegedActionException'> (0x000000076b69d528) thrown at [/HUDSON3/workspace/8-2-build-macosx-x86_64/jdk8u25/1514/hotspot/src/share/vm/prims/jvm.cpp, line 1312]
Event: 0.565 Thread 0x00007fb4fc1e9800 Exception <a 'java/security/PrivilegedActionException'> (0x000000076b746900) thrown at [/HUDSON3/workspace/8-2-build-macosx-x86_64/jdk8u25/1514/hotspot/src/share/vm/prims/jvm.cpp, line 1312]
Event: 0.586 Thread 0x00007fb4fd000800 Exception <a 'java/security/PrivilegedActionException'> (0x000000076b9a9418) thrown at [/HUDSON3/workspace/8-2-build-macosx-x86_64/jdk8u25/1514/hotspot/src/share/vm/prims/jvm.cpp, line 1312]

Events (10 events):
Event: 0.652 loading class java/util/IdentityHashMap$IdentityHashMapIterator done
Event: 0.652 loading class java/util/IdentityHashMap$KeyIterator done
Event: 0.653 loading class javax/swing/RepaintManager$4
Event: 0.653 loading class javax/swing/RepaintManager$4 done
Event: 0.653 loading class java/awt/GraphicsCallback$PaintCallback
Event: 0.653 loading class java/awt/GraphicsCallback
Event: 0.653 loading class sun/awt/SunGraphicsCallback
Event: 0.653 loading class sun/awt/SunGraphicsCallback done
Event: 0.653 loading class java/awt/GraphicsCallback done
Event: 0.653 loading class java/awt/GraphicsCallback$PaintCallback done


Dynamic libraries:
0x0000000001876000 	/System/Library/Frameworks/Cocoa.framework/Versions/A/Cocoa
0x0000000001876000 	/System/Library/Frameworks/Security.framework/Versions/A/Security
0x0000000001876000 	/System/Library/Frameworks/ApplicationServices.framework/Versions/A/ApplicationServices
0x0000000001876000 	/usr/lib/libz.1.dylib
0x0000000001876000 	/usr/lib/libSystem.B.dylib
0x0000000001876000 	/usr/lib/libobjc.A.dylib
0x0000000001876000 	/System/Library/Frameworks/CoreFoundation.framework/Versions/A/CoreFoundation
0x0000000001876000 	/System/Library/Frameworks/Foundation.framework/Versions/C/Foundation
0x0000000001876000 	/System/Library/Frameworks/AppKit.framework/Versions/C/AppKit
0x0000000001876000 	/System/Library/Frameworks/CoreData.framework/Versions/A/CoreData
0x0000000001876000 	/System/Library/PrivateFrameworks/RemoteViewServices.framework/Versions/A/RemoteViewServices
0x0000000001876000 	/System/Library/PrivateFrameworks/UIFoundation.framework/Versions/A/UIFoundation
0x0000000001876000 	/System/Library/Frameworks/IOSurface.framework/Versions/A/IOSurface
0x0000000001876000 	/System/Library/Frameworks/AudioToolbox.framework/Versions/A/AudioToolbox
0x0000000001876000 	/System/Library/Frameworks/AudioUnit.framework/Versions/A/AudioUnit
0x0000000001876000 	/System/Library/PrivateFrameworks/DataDetectorsCore.framework/Versions/A/DataDetectorsCore
0x0000000001876000 	/System/Library/PrivateFrameworks/DesktopServicesPriv.framework/Versions/A/DesktopServicesPriv
0x0000000001876000 	/System/Library/Frameworks/Carbon.framework/Versions/A/Frameworks/HIToolbox.framework/Versions/A/HIToolbox
0x0000000001876000 	/System/Library/Frameworks/QuartzCore.framework/Versions/A/QuartzCore
0x0000000001876000 	/System/Library/Frameworks/Carbon.framework/Versions/A/Frameworks/SpeechRecognition.framework/Versions/A/SpeechRecognition
0x0000000001876000 	/usr/lib/libauto.dylib
0x0000000001876000 	/usr/lib/libicucore.A.dylib
0x0000000001876000 	/usr/lib/libxml2.2.dylib
0x0000000001876000 	/System/Library/PrivateFrameworks/CoreUI.framework/Versions/A/CoreUI
0x0000000001876000 	/System/Library/Frameworks/CoreAudio.framework/Versions/A/CoreAudio
0x0000000001876000 	/System/Library/Frameworks/DiskArbitration.framework/Versions/A/DiskArbitration
0x0000000001876000 	/usr/lib/liblangid.dylib
0x0000000001876000 	/System/Library/PrivateFrameworks/MultitouchSupport.framework/Versions/A/MultitouchSupport
0x0000000001876000 	/System/Library/Frameworks/IOKit.framework/Versions/A/IOKit
0x0000000001876000 	/usr/lib/libDiagnosticMessagesClient.dylib
0x0000000001876000 	/System/Library/Frameworks/CoreServices.framework/Versions/A/CoreServices
0x0000000001876000 	/System/Library/PrivateFrameworks/PerformanceAnalysis.framework/Versions/A/PerformanceAnalysis
0x0000000001876000 	/System/Library/PrivateFrameworks/GenerationalStorage.framework/Versions/A/GenerationalStorage
0x0000000001876000 	/System/Library/Frameworks/OpenGL.framework/Versions/A/OpenGL
0x0000000001876000 	/System/Library/PrivateFrameworks/Sharing.framework/Versions/A/Sharing
0x0000000001876000 	/System/Library/Frameworks/CoreGraphics.framework/Versions/A/CoreGraphics
0x0000000001876000 	/System/Library/Frameworks/CoreText.framework/Versions/A/CoreText
0x0000000001876000 	/System/Library/Frameworks/ImageIO.framework/Versions/A/ImageIO
0x0000000001876000 	/usr/lib/libextension.dylib
0x0000000001876000 	/System/Library/PrivateFrameworks/Backup.framework/Versions/A/Backup
0x0000000001876000 	/usr/lib/libarchive.2.dylib
0x0000000001876000 	/System/Library/Frameworks/CFNetwork.framework/Versions/A/CFNetwork
0x0000000001876000 	/System/Library/Frameworks/SystemConfiguration.framework/Versions/A/SystemConfiguration
0x0000000001876000 	/usr/lib/libCRFSuite.dylib
0x0000000001876000 	/usr/lib/libc++.1.dylib
0x0000000001876000 	/usr/lib/libc++abi.dylib
0x0000000001876000 	/usr/lib/system/libcache.dylib
0x0000000001876000 	/usr/lib/system/libcommonCrypto.dylib
0x0000000001876000 	/usr/lib/system/libcompiler_rt.dylib
0x0000000001876000 	/usr/lib/system/libcopyfile.dylib
0x0000000001876000 	/usr/lib/system/libcorecrypto.dylib
0x0000000001876000 	/usr/lib/system/libdispatch.dylib
0x0000000001876000 	/usr/lib/system/libdyld.dylib
0x0000000001876000 	/usr/lib/system/libkeymgr.dylib
0x0000000001876000 	/usr/lib/system/liblaunch.dylib
0x0000000001876000 	/usr/lib/system/libmacho.dylib
0x0000000001876000 	/usr/lib/system/libquarantine.dylib
0x0000000001876000 	/usr/lib/system/libremovefile.dylib
0x0000000001876000 	/usr/lib/system/libsystem_asl.dylib
0x0000000001876000 	/usr/lib/system/libsystem_blocks.dylib
0x0000000001876000 	/usr/lib/system/libsystem_c.dylib
0x0000000001876000 	/usr/lib/system/libsystem_configuration.dylib
0x0000000001876000 	/usr/lib/system/libsystem_coreservices.dylib
0x0000000001876000 	/usr/lib/system/libsystem_coretls.dylib
0x0000000001876000 	/usr/lib/system/libsystem_dnssd.dylib
0x0000000001876000 	/usr/lib/system/libsystem_info.dylib
0x0000000001876000 	/usr/lib/system/libsystem_kernel.dylib
0x0000000001876000 	/usr/lib/system/libsystem_m.dylib
0x0000000001876000 	/usr/lib/system/libsystem_malloc.dylib
0x0000000001876000 	/usr/lib/system/libsystem_network.dylib
0x0000000001876000 	/usr/lib/system/libsystem_networkextension.dylib
0x0000000001876000 	/usr/lib/system/libsystem_notify.dylib
0x0000000001876000 	/usr/lib/system/libsystem_platform.dylib
0x0000000001876000 	/usr/lib/system/libsystem_pthread.dylib
0x0000000001876000 	/usr/lib/system/libsystem_sandbox.dylib
0x0000000001876000 	/usr/lib/system/libsystem_secinit.dylib
0x0000000001876000 	/usr/lib/system/libsystem_stats.dylib
0x0000000001876000 	/usr/lib/system/libsystem_trace.dylib
0x0000000001876000 	/usr/lib/system/libunc.dylib
0x0000000001876000 	/usr/lib/system/libunwind.dylib
0x0000000001876000 	/usr/lib/system/libxpc.dylib
0x0000000001876000 	/usr/lib/libbz2.1.0.dylib
0x0000000001876000 	/usr/lib/liblzma.5.dylib
0x0000000001876000 	/usr/lib/libbsm.0.dylib
0x0000000001876000 	/usr/lib/libsqlite3.dylib
0x0000000001876000 	/usr/lib/system/libkxld.dylib
0x0000000001876000 	/usr/lib/libxar.1.dylib
0x0000000001876000 	/usr/lib/libpam.2.dylib
0x0000000001876000 	/usr/lib/libOpenScriptingUtil.dylib
0x0000000001876000 	/System/Library/Frameworks/CoreServices.framework/Versions/A/Frameworks/FSEvents.framework/Versions/A/FSEvents
0x0000000001876000 	/System/Library/Frameworks/CoreServices.framework/Versions/A/Frameworks/CarbonCore.framework/Versions/A/CarbonCore
0x0000000001876000 	/System/Library/Frameworks/CoreServices.framework/Versions/A/Frameworks/Metadata.framework/Versions/A/Metadata
0x0000000001876000 	/System/Library/Frameworks/CoreServices.framework/Versions/A/Frameworks/OSServices.framework/Versions/A/OSServices
0x0000000001876000 	/System/Library/Frameworks/CoreServices.framework/Versions/A/Frameworks/SearchKit.framework/Versions/A/SearchKit
0x0000000001876000 	/System/Library/Frameworks/CoreServices.framework/Versions/A/Frameworks/AE.framework/Versions/A/AE
0x0000000001876000 	/System/Library/Frameworks/CoreServices.framework/Versions/A/Frameworks/LaunchServices.framework/Versions/A/LaunchServices
0x0000000001876000 	/System/Library/Frameworks/CoreServices.framework/Versions/A/Frameworks/DictionaryServices.framework/Versions/A/DictionaryServices
0x0000000001876000 	/System/Library/Frameworks/NetFS.framework/Versions/A/NetFS
0x0000000001876000 	/System/Library/PrivateFrameworks/NetAuth.framework/Versions/A/NetAuth
0x0000000001876000 	/System/Library/PrivateFrameworks/login.framework/Versions/A/Frameworks/loginsupport.framework/Versions/A/loginsupport
0x0000000001876000 	/System/Library/PrivateFrameworks/TCC.framework/Versions/A/TCC
0x0000000001876000 	/usr/lib/libmecabra.dylib
0x0000000001876000 	/System/Library/PrivateFrameworks/LanguageModeling.framework/Versions/A/LanguageModeling
0x0000000001876000 	/usr/lib/libcmph.dylib
0x0000000001876000 	/usr/lib/libiconv.2.dylib
0x0000000001876000 	/System/Library/Frameworks/OpenDirectory.framework/Versions/A/Frameworks/CFOpenDirectory.framework/Versions/A/CFOpenDirectory
0x0000000001876000 	/System/Library/Frameworks/ServiceManagement.framework/Versions/A/ServiceManagement
0x0000000001876000 	/usr/lib/libxslt.1.dylib
0x0000000001876000 	/System/Library/Frameworks/Carbon.framework/Versions/A/Frameworks/Ink.framework/Versions/A/Ink
0x0000000001876000 	/System/Library/Frameworks/ApplicationServices.framework/Versions/A/Frameworks/ATS.framework/Versions/A/ATS
0x0000000001876000 	/System/Library/Frameworks/ApplicationServices.framework/Versions/A/Frameworks/ColorSync.framework/Versions/A/ColorSync
0x0000000001876000 	/System/Library/Frameworks/ApplicationServices.framework/Versions/A/Frameworks/HIServices.framework/Versions/A/HIServices
0x0000000001876000 	/System/Library/Frameworks/ApplicationServices.framework/Versions/A/Frameworks/LangAnalysis.framework/Versions/A/LangAnalysis
0x0000000001876000 	/System/Library/Frameworks/ApplicationServices.framework/Versions/A/Frameworks/PrintCore.framework/Versions/A/PrintCore
0x0000000001876000 	/System/Library/Frameworks/ApplicationServices.framework/Versions/A/Frameworks/QD.framework/Versions/A/QD
0x0000000001876000 	/System/Library/Frameworks/ApplicationServices.framework/Versions/A/Frameworks/SpeechSynthesis.framework/Versions/A/SpeechSynthesis
0x0000000001876000 	/System/Library/Frameworks/Accelerate.framework/Versions/A/Accelerate
0x0000000001876000 	/System/Library/Frameworks/Accelerate.framework/Versions/A/Frameworks/vImage.framework/Versions/A/vImage
0x0000000001876000 	/System/Library/Frameworks/Accelerate.framework/Versions/A/Frameworks/vecLib.framework/Versions/A/vecLib
0x0000000001876000 	/System/Library/Frameworks/Accelerate.framework/Versions/A/Frameworks/vecLib.framework/Versions/A/libvDSP.dylib
0x0000000001876000 	/System/Library/Frameworks/Accelerate.framework/Versions/A/Frameworks/vecLib.framework/Versions/A/libvMisc.dylib
0x0000000001876000 	/System/Library/Frameworks/Accelerate.framework/Versions/A/Frameworks/vecLib.framework/Versions/A/libLAPACK.dylib
0x0000000001876000 	/System/Library/Frameworks/Accelerate.framework/Versions/A/Frameworks/vecLib.framework/Versions/A/libBLAS.dylib
0x0000000001876000 	/System/Library/Frameworks/Accelerate.framework/Versions/A/Frameworks/vecLib.framework/Versions/A/libLinearAlgebra.dylib
0x0000000001876000 	/System/Library/Frameworks/ApplicationServices.framework/Versions/A/Frameworks/ATS.framework/Versions/A/Resources/libFontParser.dylib
0x0000000001876000 	/System/Library/Frameworks/ApplicationServices.framework/Versions/A/Frameworks/ATS.framework/Versions/A/Resources/libFontRegistry.dylib
0x0000000001876000 	/System/Library/PrivateFrameworks/AppleVPA.framework/Versions/A/AppleVPA
0x0000000001876000 	/System/Library/PrivateFrameworks/AppleJPEG.framework/Versions/A/AppleJPEG
0x0000000001876000 	/System/Library/Frameworks/ImageIO.framework/Versions/A/Resources/libJPEG.dylib
0x0000000001876000 	/System/Library/Frameworks/ImageIO.framework/Versions/A/Resources/libTIFF.dylib
0x0000000001876000 	/System/Library/Frameworks/ImageIO.framework/Versions/A/Resources/libPng.dylib
0x0000000001876000 	/System/Library/Frameworks/ImageIO.framework/Versions/A/Resources/libGIF.dylib
0x0000000001876000 	/System/Library/Frameworks/ImageIO.framework/Versions/A/Resources/libJP2.dylib
0x0000000001876000 	/System/Library/Frameworks/ImageIO.framework/Versions/A/Resources/libRadiance.dylib
0x0000000001876000 	/System/Library/Frameworks/CoreVideo.framework/Versions/A/CoreVideo
0x0000000001876000 	/System/Library/Frameworks/OpenGL.framework/Versions/A/Libraries/libGLU.dylib
0x0000000001876000 	/System/Library/Frameworks/OpenGL.framework/Versions/A/Libraries/libGFXShared.dylib
0x0000000001876000 	/System/Library/Frameworks/OpenGL.framework/Versions/A/Libraries/libGL.dylib
0x0000000001876000 	/System/Library/Frameworks/OpenGL.framework/Versions/A/Libraries/libGLImage.dylib
0x0000000001876000 	/System/Library/Frameworks/OpenGL.framework/Versions/A/Libraries/libCVMSPluginSupport.dylib
0x0000000001876000 	/System/Library/Frameworks/OpenGL.framework/Versions/A/Libraries/libCoreVMClient.dylib
0x0000000001876000 	/usr/lib/libcups.2.dylib
0x0000000001876000 	/System/Library/Frameworks/Kerberos.framework/Versions/A/Kerberos
0x0000000001876000 	/System/Library/Frameworks/GSS.framework/Versions/A/GSS
0x0000000001876000 	/usr/lib/libresolv.9.dylib
0x0000000001876000 	/System/Library/PrivateFrameworks/Heimdal.framework/Versions/A/Heimdal
0x0000000001876000 	/usr/lib/libheimdal-asn1.dylib
0x0000000001876000 	/System/Library/Frameworks/OpenDirectory.framework/Versions/A/OpenDirectory
0x0000000001876000 	/System/Library/PrivateFrameworks/CommonAuth.framework/Versions/A/CommonAuth
0x0000000001876000 	/System/Library/Frameworks/SecurityFoundation.framework/Versions/A/SecurityFoundation
0x0000000001876000 	/System/Library/Frameworks/QuartzCore.framework/Versions/A/Frameworks/CoreImage.framework/Versions/A/CoreImage
0x0000000001876000 	/System/Library/PrivateFrameworks/CrashReporterSupport.framework/Versions/A/CrashReporterSupport
0x0000000001876000 	/System/Library/Frameworks/OpenCL.framework/Versions/A/OpenCL
0x0000000001876000 	/System/Library/PrivateFrameworks/FaceCore.framework/Versions/A/FaceCore
0x0000000001876000 	/System/Library/PrivateFrameworks/Ubiquity.framework/Versions/A/Ubiquity
0x0000000001876000 	/System/Library/PrivateFrameworks/IconServices.framework/Versions/A/IconServices
0x0000000001876000 	/System/Library/PrivateFrameworks/ChunkingLibrary.framework/Versions/A/ChunkingLibrary
0x0000000001876000 	/System/Library/PrivateFrameworks/Apple80211.framework/Versions/A/Apple80211
0x0000000001876000 	/System/Library/Frameworks/CoreWLAN.framework/Versions/A/CoreWLAN
0x0000000001876000 	/System/Library/Frameworks/IOBluetooth.framework/Versions/A/IOBluetooth
0x0000000001876000 	/System/Library/PrivateFrameworks/CoreWiFi.framework/Versions/A/CoreWiFi
0x0000000001876000 	/System/Library/Frameworks/CoreBluetooth.framework/Versions/A/CoreBluetooth
0x0000000001876000 	/System/Library/PrivateFrameworks/DebugSymbols.framework/Versions/A/DebugSymbols
0x0000000001876000 	/System/Library/PrivateFrameworks/CoreSymbolication.framework/Versions/A/CoreSymbolication
0x0000000001876000 	/System/Library/PrivateFrameworks/Symbolication.framework/Versions/A/Symbolication
0x0000000001876000 	/System/Library/PrivateFrameworks/SpeechRecognitionCore.framework/Versions/A/SpeechRecognitionCore
0x000000010edbb000 	/Library/Java/JavaVirtualMachines/jdk1.8.0_25.jdk/Contents/Home/jre/lib/server/libjvm.dylib
0x0000000001876000 	/usr/lib/libstdc++.6.dylib
0x000000010fdf1000 	/Library/Java/JavaVirtualMachines/jdk1.8.0_25.jdk/Contents/Home/jre/lib/libverify.dylib
0x0000000110600000 	/Library/Java/JavaVirtualMachines/jdk1.8.0_25.jdk/Contents/Home/jre/lib/libjava.dylib
0x000000011063d000 	/Library/Java/JavaVirtualMachines/jdk1.8.0_25.jdk/Contents/Home/jre/lib/libzip.dylib
0x000000012b18e000 	/System/Library/Frameworks/JavaVM.framework/Frameworks/JavaRuntimeSupport.framework/JavaRuntimeSupport
0x000000012b1a6000 	/System/Library/Frameworks/JavaVM.framework/Versions/A/Frameworks/JavaNativeFoundation.framework/Versions/A/JavaNativeFoundation
0x000000012b1bb000 	/System/Library/Frameworks/JavaVM.framework/Versions/A/JavaVM
0x0000000001876000 	/System/Library/Frameworks/Carbon.framework/Versions/A/Carbon
0x000000012b1c8000 	/System/Library/PrivateFrameworks/JavaLaunching.framework/Versions/A/JavaLaunching
0x0000000001876000 	/System/Library/Frameworks/Carbon.framework/Versions/A/Frameworks/CommonPanels.framework/Versions/A/CommonPanels
0x0000000001876000 	/System/Library/Frameworks/Carbon.framework/Versions/A/Frameworks/Help.framework/Versions/A/Help
0x0000000001876000 	/System/Library/Frameworks/Carbon.framework/Versions/A/Frameworks/ImageCapture.framework/Versions/A/ImageCapture
0x0000000001876000 	/System/Library/Frameworks/Carbon.framework/Versions/A/Frameworks/OpenScripting.framework/Versions/A/OpenScripting
0x0000000001876000 	/System/Library/Frameworks/Carbon.framework/Versions/A/Frameworks/Print.framework/Versions/A/Print
0x0000000001876000 	/System/Library/Frameworks/Carbon.framework/Versions/A/Frameworks/SecurityHI.framework/Versions/A/SecurityHI
0x000000012d023000 	/Library/Java/JavaVirtualMachines/jdk1.8.0_25.jdk/Contents/Home/jre/lib/libawt.dylib
0x000000012d0d2000 	/Library/Java/JavaVirtualMachines/jdk1.8.0_25.jdk/Contents/Home/jre/lib/./libmlib_image.dylib
0x000000012d19e000 	/Library/Java/JavaVirtualMachines/jdk1.8.0_25.jdk/Contents/Home/jre/lib/libawt_lwawt.dylib
0x000000012d251000 	/Library/Java/JavaVirtualMachines/jdk1.8.0_25.jdk/Contents/Home/jre/lib/./libosxapp.dylib
0x0000000001876000 	/System/Library/Frameworks/ExceptionHandling.framework/Versions/A/ExceptionHandling
0x0000000001876000 	/System/Library/PrivateFrameworks/CoreServicesInternal.framework/Versions/A/CoreServicesInternal
0x0000000001876000 	/System/Library/PrivateFrameworks/CloudDocs.framework/Versions/A/CloudDocs
0x0000000001876000 	/System/Library/PrivateFrameworks/CoreDuet.framework/Versions/A/CoreDuet
0x0000000001876000 	/System/Library/Frameworks/CloudKit.framework/Versions/A/CloudKit
0x0000000001876000 	/System/Library/PrivateFrameworks/ProtocolBuffer.framework/Versions/A/ProtocolBuffer
0x0000000001876000 	/System/Library/PrivateFrameworks/CoreDuetDaemonProtocol.framework/Versions/A/CoreDuetDaemonProtocol
0x0000000001876000 	/System/Library/PrivateFrameworks/CoreDuetDebugLogging.framework/Versions/A/CoreDuetDebugLogging
0x0000000001876000 	/System/Library/Frameworks/CoreLocation.framework/Versions/A/CoreLocation
0x0000000001876000 	/System/Library/Frameworks/Accounts.framework/Versions/A/Accounts
0x0000000001876000 	/System/Library/PrivateFrameworks/ApplePushService.framework/Versions/A/ApplePushService
0x0000000001876000 	/System/Library/PrivateFrameworks/GeoServices.framework/Versions/A/GeoServices
0x0000000001876000 	/System/Library/PrivateFrameworks/OAuth.framework/Versions/A/OAuth
0x0000000001876000 	/System/Library/PrivateFrameworks/CoreDaemon.framework/Versions/B/CoreDaemon
0x0000000001876000 	/usr/lib/libcrypto.0.9.8.dylib
0x0000000001876000 	/System/Library/PrivateFrameworks/AppleSRP.framework/Versions/A/AppleSRP
0x0000000001876000 	/System/Library/PrivateFrameworks/TrustEvaluationAgent.framework/Versions/A/TrustEvaluationAgent
0x0000000001876000 	/System/Library/Frameworks/CoreGraphics.framework/Versions/A/Resources/libCGCMS.A.dylib
0x0000000001876000 	/System/Library/Frameworks/CoreGraphics.framework/Versions/A/Resources/libRIP.A.dylib
0x0000000001876000 	/System/Library/Frameworks/CoreGraphics.framework/Versions/A/Resources/libCGXType.A.dylib
0x0000000001876000 	/System/Library/Frameworks/OpenCL.framework/Versions/A/Libraries/libcldcpuengine.dylib
0x0000000001876000 	/System/Library/PrivateFrameworks/DiskImages.framework/Versions/A/DiskImages
0x0000000001876000 	/System/Library/Frameworks/DiscRecording.framework/Versions/A/DiscRecording
0x0000000001876000 	/usr/lib/libcsfde.dylib
0x0000000001876000 	/usr/lib/libcurl.4.dylib
0x0000000001876000 	/System/Library/PrivateFrameworks/MediaKit.framework/Versions/A/MediaKit
0x0000000001876000 	/System/Library/PrivateFrameworks/ProtectedCloudStorage.framework/Versions/A/ProtectedCloudStorage
0x0000000001876000 	/usr/lib/libCoreStorage.dylib
0x0000000001876000 	/System/Library/PrivateFrameworks/EFILogin.framework/Versions/A/EFILogin
0x0000000001876000 	/usr/lib/libutil.dylib
0x0000000001876000 	/System/Library/PrivateFrameworks/FindMyDevice.framework/Versions/A/FindMyDevice
0x0000000001876000 	/System/Library/Frameworks/LDAP.framework/Versions/A/LDAP
0x0000000001876000 	/usr/lib/libsasl2.2.dylib
0x0000000130176000 	cl_kernels
0x0000000130178000 	/System/Library/Frameworks/OpenCL.framework/Versions/A/Libraries/ImageFormats/unorm8_bgra.dylib
0x0000000130168000 	cl_kernels
0x0000000001876000 	/System/Library/PrivateFrameworks/FamilyControls.framework/Versions/A/FamilyControls
0x0000000001876000 	/System/Library/PrivateFrameworks/CommerceKit.framework/Versions/A/Frameworks/CommerceCore.framework/Versions/A/CommerceCore
0x0000000001876000 	/System/Library/PrivateFrameworks/SystemAdministration.framework/Versions/A/SystemAdministration
0x0000000001876000 	/System/Library/PrivateFrameworks/AppContainer.framework/Versions/A/AppContainer
0x0000000001876000 	/System/Library/PrivateFrameworks/SecCodeWrapper.framework/Versions/A/SecCodeWrapper
0x0000000001876000 	/System/Library/Frameworks/DirectoryService.framework/Versions/A/DirectoryService
0x0000000001876000 	/System/Library/PrivateFrameworks/LoginUIKit.framework/Versions/A/Frameworks/LoginUICore.framework/Versions/A/LoginUICore
0x0000000001876000 	/usr/lib/libodfde.dylib
0x0000000001876000 	/System/Library/Frameworks/OpenGL.framework/Versions/A/Resources/GLEngine.bundle/GLEngine
0x0000000001876000 	/System/Library/Frameworks/OpenGL.framework/Versions/A/Libraries/libGLProgrammability.dylib
0x0000000000000000 	/System/Library/Extensions/AppleIntelHD5000GraphicsGLDriver.bundle/Contents/MacOS/AppleIntelHD5000GraphicsGLDriver
0x0000000001876000 	/System/Library/PrivateFrameworks/IOAccelerator.framework/Versions/A/IOAccelerator
0x0000000001876000 	/System/Library/PrivateFrameworks/GPUSupport.framework/Versions/A/Libraries/libGPUSupportMercury.dylib
0x0000000001876000 	/System/Library/Frameworks/OpenGL.framework/Versions/A/Resources/GLRendererFloat.bundle/GLRendererFloat
0x0000000131e82000 	/Library/Java/JavaVirtualMachines/jdk1.8.0_25.jdk/Contents/Home/jre/lib/libfontmanager.dylib
0x0000000131ee9000 	/Library/Java/JavaVirtualMachines/jdk1.8.0_25.jdk/Contents/Home/jre/lib/libosxui.dylib

VM Arguments:
jvm_args: -Dfile.encoding=UTF-8 
java_command: com.misha.functions.Main
java_class_path (initial): /Users/Mihail/Documents/WorkSpace/Tanks2/bin
Launcher Type: SUN_STANDARD

Environment Variables:
PATH=/usr/bin:/bin:/usr/sbin:/sbin
SHELL=/bin/bash

Signal Handlers:
SIGSEGV: [libjvm.dylib+0x579dc7], sa_mask[0]=11111111011111110111111111111111, sa_flags=SA_ONSTACK|SA_RESTART|SA_SIGINFO
SIGBUS: [libjvm.dylib+0x579dc7], sa_mask[0]=11111111011111110111111111111111, sa_flags=SA_RESTART|SA_SIGINFO
SIGFPE: [libjvm.dylib+0x45b030], sa_mask[0]=11111111011111110111111111111111, sa_flags=SA_RESTART|SA_SIGINFO
SIGPIPE: [libjvm.dylib+0x45b030], sa_mask[0]=11111111011111110111111111111111, sa_flags=SA_RESTART|SA_SIGINFO
SIGXFSZ: [libjvm.dylib+0x45b030], sa_mask[0]=11111111011111110111111111111111, sa_flags=SA_RESTART|SA_SIGINFO
SIGILL: [libjvm.dylib+0x45b030], sa_mask[0]=11111111011111110111111111111111, sa_flags=SA_RESTART|SA_SIGINFO
SIGUSR1: SIG_DFL, sa_mask[0]=00000000000000000000000000000000, sa_flags=none
SIGUSR2: [libjvm.dylib+0x45ab4e], sa_mask[0]=00100000000000000000000000000000, sa_flags=SA_RESTART|SA_SIGINFO
SIGHUP: [libjvm.dylib+0x459121], sa_mask[0]=11111111011111110111111111111111, sa_flags=SA_RESTART|SA_SIGINFO
SIGINT: [libjvm.dylib+0x459121], sa_mask[0]=11111111011111110111111111111111, sa_flags=SA_RESTART|SA_SIGINFO
SIGTERM: [libjvm.dylib+0x459121], sa_mask[0]=11111111011111110111111111111111, sa_flags=SA_RESTART|SA_SIGINFO
SIGQUIT: [libjvm.dylib+0x459121], sa_mask[0]=11111111011111110111111111111111, sa_flags=SA_RESTART|SA_SIGINFO


---------------  S Y S T E M  ---------------

OS:Bsduname:Darwin 14.0.0 Darwin Kernel Version 14.0.0: Fri Sep 19 00:26:44 PDT 2014; root:xnu-2782.1.97~2/RELEASE_X86_64 x86_64
rlimit: STACK 8192k, CORE 0k, NPROC 709, NOFILE 10240, AS infinity
load average:2.73 3.12 3.13

CPU:total 4 (2 cores per cpu, 2 threads per core) family 6 model 69 stepping 1, cmov, cx8, fxsr, mmx, sse, sse2, sse3, ssse3, sse4.1, sse4.2, popcnt, avx, avx2, aes, clmul, erms, lzcnt, ht, tsc, tscinvbit, bmi1, bmi2

Memory: 4k page, physical 16777216k(1500076k free)

/proc/meminfo:


vm_info: Java HotSpot(TM) 64-Bit Server VM (25.25-b02) for bsd-amd64 JRE (1.8.0_25-b17), built on Sep 17 2014 16:56:50 by "java_re" with gcc 4.2.1 (Based on Apple Inc. build 5658) (LLVM build 2336.11.00)

time: Sat Apr  4 20:16:41 2015
elapsed time: 0 seconds (0d 0h 0m 0s)

